2025-08-03 07:45:19,888 | MarketSwimmer |     INFO | logger_config.py:62 | setup_logger() | ================================================================================
2025-08-03 07:45:19,888 | MarketSwimmer |     INFO | logger_config.py:63 | setup_logger() | MarketSwimmer Logger Initialized
2025-08-03 07:45:19,888 | MarketSwimmer |     INFO | logger_config.py:64 | setup_logger() | Log file: logs\marketswimmer_20250803_074519.log
2025-08-03 07:45:19,888 | MarketSwimmer |     INFO | logger_config.py:65 | setup_logger() | Process ID: 19580
2025-08-03 07:45:19,888 | MarketSwimmer |     INFO | logger_config.py:66 | setup_logger() | Working directory: C:\Users\jerem\local\MarketSwimmer
2025-08-03 07:45:19,889 | MarketSwimmer |     INFO | logger_config.py:67 | setup_logger() | Python executable: C:\Users\jerem\AppData\Local\Programs\Python\Python312\python.exe
2025-08-03 07:45:19,889 | MarketSwimmer |     INFO | logger_config.py:68 | setup_logger() | Command line: analyze_ticker_gui.py UNM
2025-08-03 07:45:19,889 | MarketSwimmer |     INFO | logger_config.py:69 | setup_logger() | ================================================================================
2025-08-03 07:45:19,889 | MarketSwimmer |    DEBUG | logger_config.py:91 | log_function_entry() | ENTER: analyze_ticker_gui.main() args=['analyze_ticker_gui.py', 'UNM']
2025-08-03 07:45:19,889 | MarketSwimmer |     INFO | analyze_ticker_gui.py:183 | main() | ============================================================
2025-08-03 07:45:19,889 | MarketSwimmer |     INFO | analyze_ticker_gui.py:184 | main() | ANALYZE_TICKER_GUI STARTED
2025-08-03 07:45:19,889 | MarketSwimmer |     INFO | analyze_ticker_gui.py:185 | main() | Arguments: ['analyze_ticker_gui.py', 'UNM']
2025-08-03 07:45:19,889 | MarketSwimmer |     INFO | analyze_ticker_gui.py:186 | main() | PID: 19580
2025-08-03 07:45:19,889 | MarketSwimmer |     INFO | analyze_ticker_gui.py:187 | main() | ============================================================
2025-08-03 07:45:24,986 | MarketSwimmer |    DEBUG | logger_config.py:91 | log_function_entry() | ENTER: run_download_monitor()
2025-08-03 07:45:24,987 | MarketSwimmer |     INFO | analyze_ticker_gui.py:73 | run_download_monitor() | Executing download monitor: C:\Users\jerem\AppData\Local\Programs\Python\Python312\python.exe monitor_downloads.py --check
2025-08-03 07:45:24,987 | MarketSwimmer |  WARNING | logger_config.py:75 | log_subprocess_call() | SUBPROCESS CALL from analyze_ticker_gui.py:
2025-08-03 07:45:24,988 | MarketSwimmer |  WARNING | logger_config.py:76 | log_subprocess_call() |   Command: C:\Users\jerem\AppData\Local\Programs\Python\Python312\python.exe monitor_downloads.py --check
2025-08-03 07:45:24,988 | MarketSwimmer |  WARNING | logger_config.py:77 | log_subprocess_call() |   PID: 19580
2025-08-03 07:45:25,109 | MarketSwimmer |     INFO | analyze_ticker_gui.py:80 | run_download_monitor() | Download monitor return code: 0
2025-08-03 07:45:25,109 | MarketSwimmer |    DEBUG | analyze_ticker_gui.py:84 | run_download_monitor() | Download monitor stdout: StockRow Download Monitor
==============================
[FOLDER] Checking download folder: C:\Users\jerem\Downloads
[NEW] Found 5 recent XLSX file(s):
   [FILE] financials_export_intc_2025_08_03_104247.xlsx (80685 bytes, modified: Sun Aug  3 07:42:49 2025)
[OK] Copied: financials_export_intc_2025_08_03_104247.xlsx -> ./downloaded_files\financials_export_intc_2025_08_03_104247.xlsx
   [FILE] financials_export_intc_2025_08_03_104256.xlsx (80684 bytes, modified: Sun Aug  3 07:42:58 2025)
[OK] Copied: financials_export_intc_2025_08_03_104256.xlsx -> ./downloaded_files\financials_export_intc_2025_08_03_104256.xlsx
   [FILE] financials_export_intc_2025_08_03_104328.xlsx (80684 bytes, modified: Sun Aug  3 07:43:30 2025)
[OK] Copied: financials_export_intc_2025_08_03_104328.xlsx -> ./downloaded_files\financials_export_intc_2025_08_03_104328.xlsx
   [FILE] financials_export_intc_2025_08_03_104430.xlsx (80684 bytes, modified: Sun Aug  3 07:44:32 2025)
[OK] Copied: financials_export_intc_2025_08_03_104430.xlsx -> ./downloaded_files\financials_export_intc_2025_08_03_104430.xlsx
   [FILE] financials_export_unm_2025_08_03_104522.xlsx (74816 bytes, modified: Sun Aug  3 07:45:25 2025)
[OK] Copied: financials_export_unm_2025_08_03_104522.xlsx -> ./downloaded_files\financials_export_unm_2025_08_03_104522.xlsx

[DONE] Files copied to: C:\Users\jerem\local\MarketSwimmer\downloaded_files

[HELP] Usage examples:
  python monitor_downloads.py          # Continuous monitoring
  python monitor_downloads.py --check  # One-time check

2025-08-03 07:45:25,109 | MarketSwimmer |    DEBUG | logger_config.py:98 | log_function_exit() | EXIT:  run_download_monitor()
