2025-08-02 20:58:30,487 | MarketSwimmer |     INFO | logger_config.py:62 | setup_logger() | ================================================================================
2025-08-02 20:58:30,487 | MarketSwimmer |     INFO | logger_config.py:63 | setup_logger() | MarketSwimmer Logger Initialized
2025-08-02 20:58:30,487 | MarketSwimmer |     INFO | logger_config.py:64 | setup_logger() | Log file: logs\marketswimmer_20250802_205830.log
2025-08-02 20:58:30,487 | MarketSwimmer |     INFO | logger_config.py:65 | setup_logger() | Process ID: 23000
2025-08-02 20:58:30,487 | MarketSwimmer |     INFO | logger_config.py:66 | setup_logger() | Working directory: C:\Users\jerem\local\MarketSwimmer
2025-08-02 20:58:30,487 | MarketSwimmer |     INFO | logger_config.py:67 | setup_logger() | Python executable: C:\Users\jerem\AppData\Local\Programs\Python\Python312\python.exe
2025-08-02 20:58:30,487 | MarketSwimmer |     INFO | logger_config.py:68 | setup_logger() | Command line: analyze_ticker_gui.py TSLA
2025-08-02 20:58:30,487 | MarketSwimmer |     INFO | logger_config.py:69 | setup_logger() | ================================================================================
2025-08-02 20:58:30,489 | MarketSwimmer |    DEBUG | logger_config.py:91 | log_function_entry() | ENTER: analyze_ticker_gui.main() args=['analyze_ticker_gui.py', 'TSLA']
2025-08-02 20:58:30,489 | MarketSwimmer |     INFO | analyze_ticker_gui.py:178 | main() | ============================================================
2025-08-02 20:58:30,489 | MarketSwimmer |     INFO | analyze_ticker_gui.py:179 | main() | ANALYZE_TICKER_GUI STARTED
2025-08-02 20:58:30,489 | MarketSwimmer |     INFO | analyze_ticker_gui.py:180 | main() | Arguments: ['analyze_ticker_gui.py', 'TSLA']
2025-08-02 20:58:30,489 | MarketSwimmer |     INFO | analyze_ticker_gui.py:181 | main() | PID: 23000
2025-08-02 20:58:30,489 | MarketSwimmer |     INFO | analyze_ticker_gui.py:182 | main() | ============================================================
2025-08-02 20:58:35,575 | MarketSwimmer |    DEBUG | logger_config.py:91 | log_function_entry() | ENTER: run_download_monitor()
2025-08-02 20:58:35,575 | MarketSwimmer |     INFO | analyze_ticker_gui.py:44 | run_download_monitor() | Executing download monitor: C:\Users\jerem\AppData\Local\Programs\Python\Python312\python.exe monitor_downloads.py --check
2025-08-02 20:58:35,575 | MarketSwimmer |  WARNING | logger_config.py:75 | log_subprocess_call() | SUBPROCESS CALL from analyze_ticker_gui.py:
2025-08-02 20:58:35,575 | MarketSwimmer |  WARNING | logger_config.py:76 | log_subprocess_call() |   Command: C:\Users\jerem\AppData\Local\Programs\Python\Python312\python.exe monitor_downloads.py --check
2025-08-02 20:58:35,575 | MarketSwimmer |  WARNING | logger_config.py:77 | log_subprocess_call() |   PID: 23000
2025-08-02 20:58:35,668 | MarketSwimmer |     INFO | analyze_ticker_gui.py:51 | run_download_monitor() | Download monitor return code: 0
2025-08-02 20:58:35,668 | MarketSwimmer |    DEBUG | analyze_ticker_gui.py:55 | run_download_monitor() | Download monitor stdout: StockRow Download Monitor
==============================
[FOLDER] Checking download folder: C:\Users\jerem\Downloads
[NEW] Found 1 recent XLSX file(s):
   [FILE] financials_export_tsla_2025_08_02_235832.xlsx (83726 bytes, modified: Sat Aug  2 20:58:32 2025)
[OK] Copied: financials_export_tsla_2025_08_02_235832.xlsx -> ./downloaded_files\financials_export_tsla_2025_08_02_235832.xlsx

[DONE] Files copied to: C:\Users\jerem\local\MarketSwimmer\downloaded_files

[HELP] Usage examples:
  python monitor_downloads.py          # Continuous monitoring
  python monitor_downloads.py --check  # One-time check

