2025-08-02 20:58:22,373 | MarketSwimmer |     INFO | logger_config.py:62 | setup_logger() | ================================================================================
2025-08-02 20:58:22,373 | MarketSwimmer |     INFO | logger_config.py:63 | setup_logger() | MarketSwimmer Logger Initialized
2025-08-02 20:58:22,373 | MarketSwimmer |     INFO | logger_config.py:64 | setup_logger() | Log file: logs\marketswimmer_20250802_205822.log
2025-08-02 20:58:22,373 | MarketSwimmer |     INFO | logger_config.py:65 | setup_logger() | Process ID: 25552
2025-08-02 20:58:22,373 | MarketSwimmer |     INFO | logger_config.py:66 | setup_logger() | Working directory: C:\Users\jerem\local\MarketSwimmer
2025-08-02 20:58:22,385 | MarketSwimmer |     INFO | logger_config.py:67 | setup_logger() | Python executable: C:\Users\jerem\AppData\Local\Programs\Python\Python312\python.exe
2025-08-02 20:58:22,385 | MarketSwimmer |     INFO | logger_config.py:68 | setup_logger() | Command line: market_swimmer_gui.py
2025-08-02 20:58:22,385 | MarketSwimmer |     INFO | logger_config.py:69 | setup_logger() | ================================================================================
2025-08-02 20:58:22,440 | MarketSwimmer |    DEBUG | logger_config.py:91 | log_function_entry() | ENTER: MarketSwimmerGUI.__init__()
2025-08-02 20:58:22,440 | MarketSwimmer |     INFO | logger_config.py:102 | log_gui_event() | GUI EVENT: GUI_INIT_START | PID: 25552
2025-08-02 20:58:22,440 | MarketSwimmer |     INFO | market_swimmer_gui.py:83 | __init__() | GUI window created successfully
2025-08-02 20:58:30,272 | MarketSwimmer |    DEBUG | logger_config.py:91 | log_function_entry() | ENTER: run_full_analysis() args=['TSLA']
2025-08-02 20:58:30,272 | MarketSwimmer |     INFO | logger_config.py:102 | log_gui_event() | GUI EVENT: BUTTON_CLICK | Complete Analysis button clicked
2025-08-02 20:58:30,273 | MarketSwimmer |     INFO | market_swimmer_gui.py:363 | run_full_analysis() | Starting complete analysis for ticker: TSLA
2025-08-02 20:58:30,276 | MarketSwimmer |     INFO | market_swimmer_gui.py:367 | run_full_analysis() | Full analysis command: "C:\Users\jerem\AppData\Local\Programs\Python\Python312\python.exe" analyze_ticker_gui.py TSLA
2025-08-02 20:58:30,296 | MarketSwimmer |    DEBUG | logger_config.py:91 | log_function_entry() | ENTER: WorkerThread.run() args=['"C:\\Users\\jerem\\AppData\\Local\\Programs\\Python\\Python312\\python.exe" analyze_ticker_gui.py TSLA']
2025-08-02 20:58:30,296 | MarketSwimmer |     INFO | market_swimmer_gui.py:31 | run() | Starting subprocess: "C:\Users\jerem\AppData\Local\Programs\Python\Python312\python.exe" analyze_ticker_gui.py TSLA
2025-08-02 20:58:30,314 | MarketSwimmer |  WARNING | logger_config.py:75 | log_subprocess_call() | SUBPROCESS CALL from market_swimmer_gui.py:
2025-08-02 20:58:30,316 | MarketSwimmer |  WARNING | logger_config.py:76 | log_subprocess_call() |   Command: "C:\Users\jerem\AppData\Local\Programs\Python\Python312\python.exe" analyze_ticker_gui.py TSLA
2025-08-02 20:58:30,316 | MarketSwimmer |  WARNING | logger_config.py:77 | log_subprocess_call() |   PID: 25552
2025-08-02 20:58:30,316 | MarketSwimmer |    ERROR | logger_config.py:81 | log_subprocess_call() | POTENTIAL GUI SPAWN DETECTED in market_swimmer_gui.py!
2025-08-02 20:58:30,317 | MarketSwimmer |    ERROR | logger_config.py:82 | log_subprocess_call() |   Command: "C:\Users\jerem\AppData\Local\Programs\Python\Python312\python.exe" analyze_ticker_gui.py TSLA
2025-08-02 20:58:30,317 | MarketSwimmer |    DEBUG | market_swimmer_gui.py:36 | run() | Changing directory to: C:\Users\jerem\local\MarketSwimmer
2025-08-02 20:58:30,317 | MarketSwimmer |    DEBUG | market_swimmer_gui.py:40 | run() | Creating subprocess: "C:\Users\jerem\AppData\Local\Programs\Python\Python312\python.exe" analyze_ticker_gui.py TSLA
2025-08-02 20:58:30,330 | MarketSwimmer |     INFO | market_swimmer_gui.py:52 | run() | Subprocess PID: 22360
2025-08-02 20:58:49,368 | MarketSwimmer |    DEBUG | logger_config.py:91 | log_function_entry() | ENTER: WorkerThread.run() args=['"C:\\Users\\jerem\\AppData\\Local\\Programs\\Python\\Python312\\python.exe" get_xlsx.py TSLA && "C:\\Users\\jerem\\AppData\\Local\\Programs\\Python\\Python312\\python.exe" monitor_downloads.py --check']
2025-08-02 20:58:49,368 | MarketSwimmer |     INFO | market_swimmer_gui.py:31 | run() | Starting subprocess: "C:\Users\jerem\AppData\Local\Programs\Python\Python312\python.exe" get_xlsx.py TSLA && "C:\Users\jerem\AppData\Local\Programs\Python\Python312\python.exe" monitor_downloads.py --check
2025-08-02 20:58:49,368 | MarketSwimmer |  WARNING | logger_config.py:75 | log_subprocess_call() | SUBPROCESS CALL from market_swimmer_gui.py:
2025-08-02 20:58:49,369 | MarketSwimmer |  WARNING | logger_config.py:76 | log_subprocess_call() |   Command: "C:\Users\jerem\AppData\Local\Programs\Python\Python312\python.exe" get_xlsx.py TSLA && "C:\Users\jerem\AppData\Local\Programs\Python\Python312\python.exe" monitor_downloads.py --check
2025-08-02 20:58:49,369 | MarketSwimmer |  WARNING | logger_config.py:77 | log_subprocess_call() |   PID: 25552
2025-08-02 20:58:49,369 | MarketSwimmer |    DEBUG | market_swimmer_gui.py:36 | run() | Changing directory to: C:\Users\jerem\local\MarketSwimmer
2025-08-02 20:58:49,369 | MarketSwimmer |    DEBUG | market_swimmer_gui.py:40 | run() | Creating subprocess: "C:\Users\jerem\AppData\Local\Programs\Python\Python312\python.exe" get_xlsx.py TSLA && "C:\Users\jerem\AppData\Local\Programs\Python\Python312\python.exe" monitor_downloads.py --check
2025-08-02 20:58:49,383 | MarketSwimmer |     INFO | market_swimmer_gui.py:52 | run() | Subprocess PID: 2060
2025-08-02 20:58:51,828 | MarketSwimmer |    DEBUG | logger_config.py:91 | log_function_entry() | ENTER: WorkerThread.run() args=['"C:\\Users\\jerem\\AppData\\Local\\Programs\\Python\\Python312\\python.exe" owner_earnings.py && "C:\\Users\\jerem\\AppData\\Local\\Programs\\Python\\Python312\\python.exe" visualize_owner_earnings.py']
2025-08-02 20:58:51,829 | MarketSwimmer |     INFO | market_swimmer_gui.py:31 | run() | Starting subprocess: "C:\Users\jerem\AppData\Local\Programs\Python\Python312\python.exe" owner_earnings.py && "C:\Users\jerem\AppData\Local\Programs\Python\Python312\python.exe" visualize_owner_earnings.py
2025-08-02 20:58:51,829 | MarketSwimmer |  WARNING | logger_config.py:75 | log_subprocess_call() | SUBPROCESS CALL from market_swimmer_gui.py:
2025-08-02 20:58:51,829 | MarketSwimmer |  WARNING | logger_config.py:76 | log_subprocess_call() |   Command: "C:\Users\jerem\AppData\Local\Programs\Python\Python312\python.exe" owner_earnings.py && "C:\Users\jerem\AppData\Local\Programs\Python\Python312\python.exe" visualize_owner_earnings.py
2025-08-02 20:58:51,830 | MarketSwimmer |  WARNING | logger_config.py:77 | log_subprocess_call() |   PID: 25552
2025-08-02 20:58:51,830 | MarketSwimmer |    DEBUG | market_swimmer_gui.py:36 | run() | Changing directory to: C:\Users\jerem\local\MarketSwimmer
2025-08-02 20:58:51,830 | MarketSwimmer |    DEBUG | market_swimmer_gui.py:40 | run() | Creating subprocess: "C:\Users\jerem\AppData\Local\Programs\Python\Python312\python.exe" owner_earnings.py && "C:\Users\jerem\AppData\Local\Programs\Python\Python312\python.exe" visualize_owner_earnings.py
2025-08-02 20:58:51,844 | MarketSwimmer |     INFO | market_swimmer_gui.py:52 | run() | Subprocess PID: 32108
