2025-08-02 21:24:10,695 | MarketSwimmer |     INFO | logger_config.py:62 | setup_logger() | ================================================================================
2025-08-02 21:24:10,695 | MarketSwimmer |     INFO | logger_config.py:63 | setup_logger() | MarketSwimmer Logger Initialized
2025-08-02 21:24:10,695 | MarketSwimmer |     INFO | logger_config.py:64 | setup_logger() | Log file: logs\marketswimmer_20250802_212410.log
2025-08-02 21:24:10,695 | MarketSwimmer |     INFO | logger_config.py:65 | setup_logger() | Process ID: 3112
2025-08-02 21:24:10,695 | MarketSwimmer |     INFO | logger_config.py:66 | setup_logger() | Working directory: C:\Users\jerem\local\MarketSwimmer
2025-08-02 21:24:10,709 | MarketSwimmer |     INFO | logger_config.py:67 | setup_logger() | Python executable: C:\Users\jerem\AppData\Local\Programs\Python\Python312\python.exe
2025-08-02 21:24:10,709 | MarketSwimmer |     INFO | logger_config.py:68 | setup_logger() | Command line: analyze_ticker_gui.py ROOT
2025-08-02 21:24:10,709 | MarketSwimmer |     INFO | logger_config.py:69 | setup_logger() | ================================================================================
2025-08-02 21:24:10,709 | MarketSwimmer |    DEBUG | logger_config.py:91 | log_function_entry() | ENTER: analyze_ticker_gui.main() args=['analyze_ticker_gui.py', 'ROOT']
2025-08-02 21:24:10,709 | MarketSwimmer |     INFO | analyze_ticker_gui.py:178 | main() | ============================================================
2025-08-02 21:24:10,709 | MarketSwimmer |     INFO | analyze_ticker_gui.py:179 | main() | ANALYZE_TICKER_GUI STARTED
2025-08-02 21:24:10,709 | MarketSwimmer |     INFO | analyze_ticker_gui.py:180 | main() | Arguments: ['analyze_ticker_gui.py', 'ROOT']
2025-08-02 21:24:10,709 | MarketSwimmer |     INFO | analyze_ticker_gui.py:181 | main() | PID: 3112
2025-08-02 21:24:10,709 | MarketSwimmer |     INFO | analyze_ticker_gui.py:182 | main() | ============================================================
2025-08-02 21:24:15,790 | MarketSwimmer |    DEBUG | logger_config.py:91 | log_function_entry() | ENTER: run_download_monitor()
2025-08-02 21:24:15,790 | MarketSwimmer |     INFO | analyze_ticker_gui.py:44 | run_download_monitor() | Executing download monitor: C:\Users\jerem\AppData\Local\Programs\Python\Python312\python.exe monitor_downloads.py --check
2025-08-02 21:24:15,790 | MarketSwimmer |  WARNING | logger_config.py:75 | log_subprocess_call() | SUBPROCESS CALL from analyze_ticker_gui.py:
2025-08-02 21:24:15,790 | MarketSwimmer |  WARNING | logger_config.py:76 | log_subprocess_call() |   Command: C:\Users\jerem\AppData\Local\Programs\Python\Python312\python.exe monitor_downloads.py --check
2025-08-02 21:24:15,791 | MarketSwimmer |  WARNING | logger_config.py:77 | log_subprocess_call() |   PID: 3112
2025-08-02 21:24:15,907 | MarketSwimmer |     INFO | analyze_ticker_gui.py:51 | run_download_monitor() | Download monitor return code: 0
2025-08-02 21:24:15,907 | MarketSwimmer |    DEBUG | analyze_ticker_gui.py:55 | run_download_monitor() | Download monitor stdout: StockRow Download Monitor
==============================
[FOLDER] Checking download folder: C:\Users\jerem\Downloads
[NEW] Found 3 recent XLSX file(s):
   [FILE] financials_export_achr_2025_08_03_001644.xlsx (34840 bytes, modified: Sat Aug  2 21:16:45 2025)
[OK] Copied: financials_export_achr_2025_08_03_001644.xlsx -> ./downloaded_files\financials_export_achr_2025_08_03_001644_2.xlsx
   [FILE] financials_export_achr_2025_08_03_002049.xlsx (34840 bytes, modified: Sat Aug  2 21:20:49 2025)
[OK] Copied: financials_export_achr_2025_08_03_002049.xlsx -> ./downloaded_files\financials_export_achr_2025_08_03_002049_1.xlsx
   [FILE] financials_export_root_2025_08_03_002413.xlsx (45932 bytes, modified: Sat Aug  2 21:24:14 2025)
[OK] Copied: financials_export_root_2025_08_03_002413.xlsx -> ./downloaded_files\financials_export_root_2025_08_03_002413.xlsx

[DONE] Files copied to: C:\Users\jerem\local\MarketSwimmer\downloaded_files

[HELP] Usage examples:
  python monitor_downloads.py          # Continuous monitoring
  python monitor_downloads.py --check  # One-time check

