2025-08-02 21:42:15,649 | MarketSwimmer |     INFO | logger_config.py:62 | setup_logger() | ================================================================================
2025-08-02 21:42:15,649 | MarketSwimmer |     INFO | logger_config.py:63 | setup_logger() | MarketSwimmer Logger Initialized
2025-08-02 21:42:15,649 | MarketSwimmer |     INFO | logger_config.py:64 | setup_logger() | Log file: logs\marketswimmer_20250802_214215.log
2025-08-02 21:42:15,649 | MarketSwimmer |     INFO | logger_config.py:65 | setup_logger() | Process ID: 31672
2025-08-02 21:42:15,649 | MarketSwimmer |     INFO | logger_config.py:66 | setup_logger() | Working directory: C:\Users\jerem\local\MarketSwimmer
2025-08-02 21:42:15,650 | MarketSwimmer |     INFO | logger_config.py:67 | setup_logger() | Python executable: C:\Users\jerem\AppData\Local\Programs\Python\Python312\python.exe
2025-08-02 21:42:15,650 | MarketSwimmer |     INFO | logger_config.py:68 | setup_logger() | Command line: analyze_ticker_gui.py LNC
2025-08-02 21:42:15,650 | MarketSwimmer |     INFO | logger_config.py:69 | setup_logger() | ================================================================================
2025-08-02 21:42:15,650 | MarketSwimmer |    DEBUG | logger_config.py:91 | log_function_entry() | ENTER: analyze_ticker_gui.main() args=['analyze_ticker_gui.py', 'LNC']
2025-08-02 21:42:15,650 | MarketSwimmer |     INFO | analyze_ticker_gui.py:183 | main() | ============================================================
2025-08-02 21:42:15,650 | MarketSwimmer |     INFO | analyze_ticker_gui.py:184 | main() | ANALYZE_TICKER_GUI STARTED
2025-08-02 21:42:15,650 | MarketSwimmer |     INFO | analyze_ticker_gui.py:185 | main() | Arguments: ['analyze_ticker_gui.py', 'LNC']
2025-08-02 21:42:15,650 | MarketSwimmer |     INFO | analyze_ticker_gui.py:186 | main() | PID: 31672
2025-08-02 21:42:15,650 | MarketSwimmer |     INFO | analyze_ticker_gui.py:187 | main() | ============================================================
2025-08-02 21:42:20,742 | MarketSwimmer |    DEBUG | logger_config.py:91 | log_function_entry() | ENTER: run_download_monitor()
2025-08-02 21:42:20,742 | MarketSwimmer |     INFO | analyze_ticker_gui.py:73 | run_download_monitor() | Executing download monitor: C:\Users\jerem\AppData\Local\Programs\Python\Python312\python.exe monitor_downloads.py --check
2025-08-02 21:42:20,743 | MarketSwimmer |  WARNING | logger_config.py:75 | log_subprocess_call() | SUBPROCESS CALL from analyze_ticker_gui.py:
2025-08-02 21:42:20,743 | MarketSwimmer |  WARNING | logger_config.py:76 | log_subprocess_call() |   Command: C:\Users\jerem\AppData\Local\Programs\Python\Python312\python.exe monitor_downloads.py --check
2025-08-02 21:42:20,743 | MarketSwimmer |  WARNING | logger_config.py:77 | log_subprocess_call() |   PID: 31672
2025-08-02 21:42:20,861 | MarketSwimmer |     INFO | analyze_ticker_gui.py:80 | run_download_monitor() | Download monitor return code: 0
2025-08-02 21:42:20,861 | MarketSwimmer |    DEBUG | analyze_ticker_gui.py:84 | run_download_monitor() | Download monitor stdout: StockRow Download Monitor
==============================
[FOLDER] Checking download folder: C:\Users\jerem\Downloads
[NEW] Found 3 recent XLSX file(s):
   [FILE] financials_export_lnc_2025_08_03_003845.xlsx (72243 bytes, modified: Sat Aug  2 21:38:46 2025)
[OK] Copied: financials_export_lnc_2025_08_03_003845.xlsx -> ./downloaded_files\financials_export_lnc_2025_08_03_003845.xlsx
   [FILE] financials_export_lnc_2025_08_03_004217.xlsx (72244 bytes, modified: Sat Aug  2 21:42:18 2025)
[OK] Copied: financials_export_lnc_2025_08_03_004217.xlsx -> ./downloaded_files\financials_export_lnc_2025_08_03_004217.xlsx
   [FILE] financials_export_wtfc_2025_08_03_003533.xlsx (78117 bytes, modified: Sat Aug  2 21:35:34 2025)
[OK] Copied: financials_export_wtfc_2025_08_03_003533.xlsx -> ./downloaded_files\financials_export_wtfc_2025_08_03_003533_2.xlsx

[DONE] Files copied to: C:\Users\jerem\local\MarketSwimmer\downloaded_files

[HELP] Usage examples:
  python monitor_downloads.py          # Continuous monitoring
  python monitor_downloads.py --check  # One-time check

2025-08-02 21:42:20,861 | MarketSwimmer |    DEBUG | logger_config.py:98 | log_function_exit() | EXIT:  run_download_monitor()
